# JRE version: Java(TM) SE Runtime Environment (8.0_151-b12) (build 1.8.0_151-b12)
# Java VM: Java HotSpot(TM) 64-Bit Server VM (25.151-b12 mixed mode windows-amd64 compressed oops)
Heap:
 PSYoungGen      total 35328K, used 18185K [0x00000000eb380000, 0x00000000ef880000, 0x0000000100000000)
  eden space 32768K, 55% used [0x00000000eb380000,0x00000000ec542538,0x00000000ed380000)
  from space 2560K, 0% used [0x00000000ed380000,0x00000000ed380000,0x00000000ed600000)
  to   space 2560K, 0% used [0x00000000ef600000,0x00000000ef600000,0x00000000ef880000)
 ParOldGen       total 72192K, used 19524K [0x00000000c1a00000, 0x00000000c6080000, 0x00000000eb380000)
  object space 72192K, 27% used [0x00000000c1a00000,0x00000000c2d11050,0x00000000c6080000)
 Metaspace       used 18581K, capacity 18900K, committed 19200K, reserved 1067008K
  class space    used 2101K, capacity 2212K, committed 2304K, reserved 1048576K
GC Heap History (8 events):
Event: 0.623 GC heap before
{Heap before GC invocations=1 (full 0):
 PSYoungGen      total 18944K, used 13970K [0x00000000eb380000, 0x00000000ec880000, 0x0000000100000000)
  eden space 16384K, 85% used [0x00000000eb380000,0x00000000ec124908,0x00000000ec380000)
  from space 2560K, 0% used [0x00000000ec600000,0x00000000ec600000,0x00000000ec880000)
  to   space 2560K, 0% used [0x00000000ec380000,0x00000000ec380000,0x00000000ec600000)
 ParOldGen       total 44032K, used 0K [0x00000000c1a00000, 0x00000000c4500000, 0x00000000eb380000)
  object space 44032K, 0% used [0x00000000c1a00000,0x00000000c1a00000,0x00000000c4500000)
 Metaspace       used 12333K, capacity 12508K, committed 12800K, reserved 1060864K
  class space    used 1425K, capacity 1486K, committed 1536K, reserved 1048576K
Event: 0.632 GC heap after
Heap after GC invocations=1 (full 0):
 PSYoungGen      total 18944K, used 2528K [0x00000000eb380000, 0x00000000ed880000, 0x0000000100000000)
  eden space 16384K, 0% used [0x00000000eb380000,0x00000000eb380000,0x00000000ec380000)
  from space 2560K, 98% used [0x00000000ec380000,0x00000000ec5f8020,0x00000000ec600000)
  to   space 2560K, 0% used [0x00000000ed600000,0x00000000ed600000,0x00000000ed880000)
 ParOldGen       total 44032K, used 1373K [0x00000000c1a00000, 0x00000000c4500000, 0x00000000eb380000)
  object space 44032K, 3% used [0x00000000c1a00000,0x00000000c1b575e8,0x00000000c4500000)
 Metaspace       used 12333K, capacity 12508K, committed 12800K, reserved 1060864K
  class space    used 1425K, capacity 1486K, committed 1536K, reserved 1048576K
}
Event: 1.121 GC heap before
{Heap before GC invocations=2 (full 0):
 PSYoungGen      total 18944K, used 18912K [0x00000000eb380000, 0x00000000ed880000, 0x0000000100000000)
  eden space 16384K, 100% used [0x00000000eb380000,0x00000000ec380000,0x00000000ec380000)
  from space 2560K, 98% used [0x00000000ec380000,0x00000000ec5f8020,0x00000000ec600000)
  to   space 2560K, 0% used [0x00000000ed600000,0x00000000ed600000,0x00000000ed880000)
 ParOldGen       total 44032K, used 1373K [0x00000000c1a00000, 0x00000000c4500000, 0x00000000eb380000)
  object space 44032K, 3% used [0x00000000c1a00000,0x00000000c1b575e8,0x00000000c4500000)
 Metaspace       used 15032K, capacity 15258K, committed 15488K, reserved 1062912K
  class space    used 1799K, capacity 1857K, committed 1920K, reserved 1048576K
Event: 1.129 GC heap after
Heap after GC invocations=2 (full 0):
 PSYoungGen      total 35328K, used 2560K [0x00000000eb380000, 0x00000000ed880000, 0x0000000100000000)
  eden space 32768K, 0% used [0x00000000eb380000,0x00000000eb380000,0x00000000ed380000)
  from space 2560K, 100% used [0x00000000ed600000,0x00000000ed880000,0x00000000ed880000)
  to   space 2560K, 0% used [0x00000000ed380000,0x00000000ed380000,0x00000000ed600000)
 ParOldGen       total 44032K, used 6228K [0x00000000c1a00000, 0x00000000c4500000, 0x00000000eb380000)
  object space 44032K, 14% used [0x00000000c1a00000,0x00000000c20151f8,0x00000000c4500000)
 Metaspace       used 15032K, capacity 15258K, committed 15488K, reserved 1062912K
  class space    used 1799K, capacity 1857K, committed 1920K, reserved 1048576K
}
Event: 1.884 GC heap before
{Heap before GC invocations=3 (full 0):
 PSYoungGen      total 35328K, used 33683K [0x00000000eb380000, 0x00000000ed880000, 0x0000000100000000)
  eden space 32768K, 94% used [0x00000000eb380000,0x00000000ed1e4ec0,0x00000000ed380000)
  from space 2560K, 100% used [0x00000000ed600000,0x00000000ed880000,0x00000000ed880000)
  to   space 2560K, 0% used [0x00000000ed380000,0x00000000ed380000,0x00000000ed600000)
 ParOldGen       total 44032K, used 6228K [0x00000000c1a00000, 0x00000000c4500000, 0x00000000eb380000)
  object space 44032K, 14% used [0x00000000c1a00000,0x00000000c20151f8,0x00000000c4500000)
 Metaspace       used 18102K, capacity 18412K, committed 18688K, reserved 1064960K
  class space    used 2083K, capacity 2180K, committed 2304K, reserved 1048576K
Event: 1.897 GC heap after
Heap after GC invocations=3 (full 0):
 PSYoungGen      total 35328K, used 2551K [0x00000000eb380000, 0x00000000ef880000, 0x0000000100000000)
  eden space 32768K, 0% used [0x00000000eb380000,0x00000000eb380000,0x00000000ed380000)
  from space 2560K, 99% used [0x00000000ed380000,0x00000000ed5fdeb8,0x00000000ed600000)
  to   space 2560K, 0% used [0x00000000ef600000,0x00000000ef600000,0x00000000ef880000)
 ParOldGen       total 44032K, used 31961K [0x00000000c1a00000, 0x00000000c4500000, 0x00000000eb380000)
  object space 44032K, 72% used [0x00000000c1a00000,0x00000000c3936730,0x00000000c4500000)
 Metaspace       used 18102K, capacity 18412K, committed 18688K, reserved 1064960K
  class space    used 2083K, capacity 2180K, committed 2304K, reserved 1048576K
}
Event: 1.897 GC heap before
{Heap before GC invocations=4 (full 1):
 PSYoungGen      total 35328K, used 2551K [0x00000000eb380000, 0x00000000ef880000, 0x0000000100000000)
  eden space 32768K, 0% used [0x00000000eb380000,0x00000000eb380000,0x00000000ed380000)
  from space 2560K, 99% used [0x00000000ed380000,0x00000000ed5fdeb8,0x00000000ed600000)
  to   space 2560K, 0% used [0x00000000ef600000,0x00000000ef600000,0x00000000ef880000)
 ParOldGen       total 44032K, used 31961K [0x00000000c1a00000, 0x00000000c4500000, 0x00000000eb380000)
  object space 44032K, 72% used [0x00000000c1a00000,0x00000000c3936730,0x00000000c4500000)
 Metaspace       used 18102K, capacity 18412K, committed 18688K, reserved 1064960K
  class space    used 2083K, capacity 2180K, committed 2304K, reserved 1048576K
Event: 1.927 GC heap after
Heap after GC invocations=4 (full 1):
 PSYoungGen      total 35328K, used 0K [0x00000000eb380000, 0x00000000ef880000, 0x0000000100000000)
  eden space 32768K, 0% used [0x00000000eb380000,0x00000000eb380000,0x00000000ed380000)
  from space 2560K, 0% used [0x00000000ed380000,0x00000000ed380000,0x00000000ed600000)
  to   space 2560K, 0% used [0x00000000ef600000,0x00000000ef600000,0x00000000ef880000)
 ParOldGen       total 72192K, used 19524K [0x00000000c1a00000, 0x00000000c6080000, 0x00000000eb380000)
  object space 72192K, 27% used [0x00000000c1a00000,0x00000000c2d11050,0x00000000c6080000)
 Metaspace       used 18102K, capacity 18412K, committed 18688K, reserved 1064960K
  class space    used 2083K, capacity 2180K, committed 2304K, reserved 1048576K
}

